\BOOKMARK [0][-]{chapter.1}{\376\377\000I\000n\000t\000r\000o\000d\000u\000c\000t\000i\000o\000n}{}% 1
\BOOKMARK [1][-]{section.1.1}{\376\377\000I\000m\000p\000o\000r\000t\000a\000n\000c\000e\000\040\000o\000f\000\040\000S\000u\000s\000p\000e\000n\000s\000i\000o\000n\000\040\000S\000y\000s\000t\000e\000m}{chapter.1}% 2
\BOOKMARK [1][-]{section.1.2}{\376\377\000S\000u\000s\000p\000e\000n\000s\000i\000o\000n\000\040\000s\000y\000s\000t\000e\000m\000\040\000c\000o\000m\000p\000o\000n\000e\000n\000t\000s}{chapter.1}% 3
\BOOKMARK [2][-]{subsection.1.2.1}{\376\377\000S\000P\000R\000I\000N\000G\000\040\000\050\000E\000l\000a\000s\000t\000i\000c\000\040\000m\000e\000m\000b\000e\000r\000\051}{section.1.2}% 4
\BOOKMARK [2][-]{subsection.1.2.2}{\376\377\000D\000A\000M\000P\000E\000R\000\040\000\050\000E\000n\000e\000r\000g\000y\000\040\000d\000i\000s\000s\000i\000p\000a\000t\000i\000o\000n\000\040\000m\000e\000m\000b\000e\000r\000\051}{section.1.2}% 5
\BOOKMARK [1][-]{section.1.3}{\376\377\000S\000u\000s\000p\000e\000n\000s\000i\000o\000n\000\040\000S\000y\000s\000t\000e\000m\000\040\000P\000e\000r\000f\000o\000r\000m\000a\000n\000c\000e}{chapter.1}% 6
\BOOKMARK [1][-]{section.1.4}{\376\377\000E\000f\000f\000e\000c\000t\000\040\000o\000f\000\040\000s\000u\000s\000p\000e\000n\000s\000i\000o\000n\000\040\000P\000a\000r\000a\000m\000e\000t\000e\000r\000s}{chapter.1}% 7
\BOOKMARK [1][-]{section.1.5}{\376\377\000M\000o\000t\000i\000v\000a\000t\000i\000o\000n}{chapter.1}% 8
\BOOKMARK [1][-]{section.1.6}{\376\377\000S\000c\000o\000p\000e\000\040\000a\000n\000d\000\040\000O\000b\000j\000e\000c\000t\000i\000v\000e}{chapter.1}% 9
\BOOKMARK [1][-]{section.1.7}{\376\377\000L\000i\000m\000i\000t\000a\000t\000i\000o\000n\000s}{chapter.1}% 10
\BOOKMARK [1][-]{section.1.8}{\376\377\000T\000h\000e\000s\000i\000s\000\040\000c\000o\000n\000t\000r\000i\000b\000u\000t\000i\000o\000n}{chapter.1}% 11
\BOOKMARK [1][-]{section.1.9}{\376\377\000T\000h\000e\000s\000i\000s\000\040\000O\000r\000g\000a\000n\000i\000z\000a\000t\000i\000o\000n}{chapter.1}% 12
\BOOKMARK [0][-]{chapter.2}{\376\377\000L\000i\000t\000e\000r\000a\000t\000u\000r\000e\000\040\000R\000e\000v\000i\000e\000w}{}% 13
\BOOKMARK [1][-]{section.2.1}{\376\377\000S\000u\000s\000p\000e\000n\000s\000i\000o\000n\000\040\000s\000y\000s\000t\000e\000m\000\040\000h\000i\000s\000t\000o\000r\000y}{chapter.2}% 14
\BOOKMARK [2][-]{subsection.2.1.1}{\376\377\000S\000u\000s\000p\000e\000n\000s\000i\000o\000n\000\040\000s\000y\000s\000t\000e\000m\000\040\000e\000v\000o\000l\000u\000t\000i\000o\000n}{section.2.1}% 15
\BOOKMARK [1][-]{section.2.2}{\376\377\000R\000e\000c\000e\000n\000t\000\040\000R\000e\000s\000e\000a\000r\000c\000h}{chapter.2}% 16
\BOOKMARK [2][-]{subsection.2.2.1}{\376\377\000P\000I\000D\000\040\000c\000o\000n\000t\000r\000o\000l\000l\000e\000r}{section.2.2}% 17
\BOOKMARK [2][-]{subsection.2.2.2}{\376\377\000L\000Q\000R\000\040\000c\000o\000n\000t\000r\000o\000l\000l\000e\000r}{section.2.2}% 18
\BOOKMARK [2][-]{subsection.2.2.3}{\376\377\000S\000M\000C\000\040\000c\000o\000n\000t\000r\000o\000l\000l\000e\000r}{section.2.2}% 19
\BOOKMARK [2][-]{subsection.2.2.4}{\376\377\000R\000L\000\040\000c\000o\000n\000t\000r\000o\000l\000l\000e\000r}{section.2.2}% 20
\BOOKMARK [0][-]{chapter.3}{\376\377\000M\000a\000t\000h\000e\000m\000a\000t\000i\000c\000a\000l\000\040\000M\000o\000d\000e\000l}{}% 21
\BOOKMARK [1][-]{section.3.1}{\376\377\000T\000w\000o\000-\000D\000O\000F\000\040\000Q\000u\000a\000r\000t\000e\000r\000\040\000C\000a\000r\000\040\000M\000o\000d\000e\000l}{chapter.3}% 22
\BOOKMARK [2][-]{subsection.3.1.1}{\376\377\000P\000a\000s\000s\000i\000v\000e\000\040\000S\000u\000s\000p\000e\000n\000s\000i\000o\000n\000\040\000M\000o\000d\000e\000l}{section.3.1}% 23
\BOOKMARK [2][-]{subsection.3.1.2}{\376\377\000A\000c\000t\000i\000v\000e\000\040\000S\000u\000s\000p\000e\000n\000s\000i\000o\000n\000\040\000M\000o\000d\000e\000l}{section.3.1}% 24
\BOOKMARK [2][-]{subsection.3.1.3}{\376\377\000E\000q\000u\000a\000t\000i\000o\000n\000\040\000O\000f\000\040\000M\000o\000t\000i\000o\000n}{section.3.1}% 25
\BOOKMARK [2][-]{subsection.3.1.4}{\376\377\000S\000t\000a\000t\000e\000\040\000S\000p\000a\000c\000e\000\040\000M\000o\000d\000e\000l}{section.3.1}% 26
\BOOKMARK [0][-]{chapter.4}{\376\377\000M\000o\000d\000e\000r\000n\000\040\000C\000o\000n\000t\000r\000o\000l\000\040\000T\000e\000c\000h\000n\000i\000q\000u\000e\000s}{}% 27
\BOOKMARK [1][-]{section.4.1}{\376\377\000C\000o\000n\000t\000r\000o\000l\000l\000a\000b\000i\000l\000i\000t\000y}{chapter.4}% 28
\BOOKMARK [1][-]{section.4.2}{\376\377\000F\000u\000l\000l\000\040\000S\000t\000a\000t\000e\000\040\000F\000e\000e\000d\000b\000a\000c\000k}{chapter.4}% 29
\BOOKMARK [1][-]{section.4.3}{\376\377\000L\000i\000n\000e\000a\000r\000\040\000Q\000u\000a\000d\000r\000a\000t\000i\000c\000\040\000r\000e\000g\000u\000l\000a\000t\000o\000r\000\040\000\050\000L\000Q\000R\000\051}{chapter.4}% 30
\BOOKMARK [2][-]{subsection.4.3.1}{\376\377\000L\000Q\000R\000\040\000I\000m\000p\000l\000e\000m\000e\000n\000t\000a\000t\000i\000o\000n}{section.4.3}% 31
\BOOKMARK [0][-]{chapter.5}{\376\377\000R\000e\000s\000u\000l\000t\000s\000\040\000a\000n\000d\000\040\000C\000o\000n\000c\000l\000u\000s\000i\000o\000n}{}% 32
\BOOKMARK [0][-]{appendix.A}{\376\377\000A\000p\000p\000e\000n\000d\000i\000c\000e\000s}{}% 33
\BOOKMARK [1][-]{section.A.1}{\376\377\000A\000p\000p\000e\000n\000d\000i\000x\000\040\0001\000\040}{appendix.A}% 34
\BOOKMARK [1][-]{section.A.2}{\376\377\000A\000p\000p\000e\000n\000d\000i\000x\000\040\0002}{appendix.A}% 35
\BOOKMARK [1][-]{section.A.3}{\376\377\000A\000p\000p\000e\000n\000d\000i\000x\000\040\0003}{appendix.A}% 36
